<event operation="asset/preview" user="admin" sourcepath="users/admin/2014/04/1801358_10101322327506963_1670235242_o.jpg" catalogid="media/catalogs/zb" assetid="101" date="2014-04-09 10:53:45 -0400" indexed="true"/>
<event operation="asset/preview" user="admin" sourcepath="users/admin/2014/04/1801358_10101322327506963_1670235242_o.jpg" catalogid="media/catalogs/zb" assetid="101" date="2014-04-09 10:55:08 -0400" indexed="true"/>
<event operation="asset/preview" user="admin" sourcepath="users/admin/2014/04/1801358_10101322327506963_1670235242_o.jpg" catalogid="media/catalogs/zb" assetid="101" date="2014-04-09 11:07:51 -0400" indexed="true"/>
<event operation="asset/preview" user="admin" sourcepath="users/admin/2014/04/1801358_10101322327506963_1670235242_o.jpg" catalogid="media/catalogs/zb" assetid="101" date="2014-04-09 11:10:02 -0400" indexed="true"/>
<event operation="asset/preview" user="admin" sourcepath="users/admin/2014/04/1801358_10101322327506963_1670235242_o.jpg" catalogid="media/catalogs/zb" assetid="101" date="2014-04-09 11:14:15 -0400" indexed="true"/>
<event operation="asset/preview" user="admin" sourcepath="users/admin/2014/04/1801358_10101322327506963_1670235242_o.jpg" catalogid="media/catalogs/zb" assetid="101" date="2014-04-09 11:15:06 -0400" indexed="true"/>
<event operation="asset/preview" user="admin" sourcepath="users/admin/2014/04/1801358_10101322327506963_1670235242_o.jpg" catalogid="media/catalogs/zb" assetid="101" date="2014-04-09 11:15:58 -0400" indexed="true"/>
<event operation="asset/preview" user="admin" sourcepath="users/admin/2014/04/1801358_10101322327506963_1670235242_o.jpg" catalogid="media/catalogs/zb" assetid="101" date="2014-04-09 11:31:21 -0400" indexed="true"/>
<event operation="asset/preview" user="admin" sourcepath="users/admin/2014/04/1801358_10101322327506963_1670235242_o.jpg" catalogid="media/catalogs/zb" assetid="101" date="2014-04-09 11:31:50 -0400" indexed="true"/>
<event operation="asset/preview" user="admin" sourcepath="users/admin/2014/04/1801358_10101322327506963_1670235242_o.jpg" catalogid="media/catalogs/zb" assetid="101" date="2014-04-09 11:34:05 -0400" indexed="true"/>
<event operation="asset/preview" user="admin" sourcepath="users/admin/2014/04/1801358_10101322327506963_1670235242_o.jpg" catalogid="media/catalogs/zb" assetid="101" date="2014-04-09 11:51:57 -0400" indexed="true"/>
<event operation="asset/preview" user="admin" sourcepath="users/admin/2014/04/1801358_10101322327506963_1670235242_o.jpg" catalogid="media/catalogs/zb" assetid="101" date="2014-04-09 11:52:09 -0400" indexed="true"/>
<event operation="asset/preview" user="admin" sourcepath="users/admin/2014/04/1801358_10101322327506963_1670235242_o.jpg" catalogid="media/catalogs/zb" assetid="101" date="2014-04-09 11:55:10 -0400" indexed="true"/>
<event operation="asset/preview" user="admin" sourcepath="users/admin/2014/04/1801358_10101322327506963_1670235242_o.jpg" catalogid="media/catalogs/zb" assetid="101" date="2014-04-09 11:55:42 -0400" indexed="true"/>
<event operation="asset/preview" user="admin" sourcepath="users/admin/2014/04/1801358_10101322327506963_1670235242_o.jpg" catalogid="media/catalogs/zb" assetid="101" date="2014-04-09 11:55:55 -0400" indexed="true"/>
<event operation="asset/preview" user="admin" sourcepath="users/admin/2014/04/1801358_10101322327506963_1670235242_o.jpg" catalogid="media/catalogs/zb" assetid="101" date="2014-04-09 11:57:44 -0400" indexed="true"/>
<event operation="asset/preview" user="admin" sourcepath="users/admin/2014/04/IMG_4835.JPG" catalogid="media/catalogs/zb" assetid="102" date="2014-04-09 13:32:20 -0400" indexed="true"/>
<event operation="asset/preview" user="admin" sourcepath="users/admin/2014/04/1801358_10101322327506963_1670235242_o.jpg" catalogid="media/catalogs/zb" assetid="101" date="2014-04-09 13:32:39 -0400" indexed="true"/>
<event operation="asset/preview" user="admin" sourcepath="users/admin/2014/04/1801358_10101322327506963_1670235242_o.jpg" catalogid="media/catalogs/zb" assetid="101" date="2014-04-09 15:53:49 -0400" indexed="true"/>
<event operation="asset/preview" user="admin" sourcepath="users/admin/2014/04/IMG_4835.JPG" catalogid="media/catalogs/zb" assetid="102" date="2014-04-09 16:07:22 -0400" indexed="true"/>
<event operation="asset/preview" user="admin" sourcepath="users/admin/2014/04/1801358_10101322327506963_1670235242_o.jpg" catalogid="media/catalogs/zb" assetid="101" date="2014-04-09 16:15:28 -0400" indexed="true"/>
<event operation="asset/preview" user="admin" sourcepath="users/admin/2014/04/1801358_10101322327506963_1670235242_o.jpg" catalogid="media/catalogs/zb" assetid="101" date="2014-04-09 16:30:35 -0400" indexed="true"/>
<event operation="asset/preview" user="admin" sourcepath="users/admin/2014/04/1801358_10101322327506963_1670235242_o.jpg" catalogid="media/catalogs/zb" assetid="101" date="2014-04-09 16:32:07 -0400" indexed="true"/>
<event operation="asset/preview" user="admin" sourcepath="users/admin/2014/04/1801358_10101322327506963_1670235242_o.jpg" catalogid="media/catalogs/zb" assetid="101" date="2014-04-09 16:32:20 -0400" indexed="true"/>
<event operation="asset/preview" user="admin" sourcepath="users/admin/2014/04/1801358_10101322327506963_1670235242_o.jpg" catalogid="media/catalogs/zb" assetid="101" date="2014-04-09 16:33:28 -0400" indexed="true"/>
<event operation="asset/preview" user="admin" sourcepath="users/admin/2014/04/IMG_4835.JPG" catalogid="media/catalogs/zb" assetid="102" date="2014-04-09 16:40:02 -0400" indexed="true"/>
<event operation="asset/preview" user="admin" sourcepath="users/admin/2014/04/IMG_4835.JPG" catalogid="media/catalogs/zb" assetid="102" date="2014-04-09 16:41:01 -0400" indexed="true"/>
<event operation="asset/preview" user="admin" sourcepath="users/admin/2014/04/IMG_4835.JPG" catalogid="media/catalogs/zb" assetid="102" date="2014-04-09 16:56:50 -0400" indexed="true"/>
<event operation="asset/preview" user="admin" sourcepath="users/admin/2014/04/IMG_4835.JPG" catalogid="media/catalogs/zb" assetid="102" date="2014-04-09 17:08:33 -0400" indexed="true"/>
<event operation="asset/preview" user="admin" sourcepath="users/admin/2014/04/IMG_4835.JPG" catalogid="media/catalogs/zb" assetid="102" date="2014-04-09 18:00:55 -0400" indexed="true"/>
<event operation="asset/preview" user="admin" sourcepath="users/admin/2014/04/IMG_4835.JPG" catalogid="media/catalogs/zb" assetid="102" date="2014-04-10 09:51:20 -0400" indexed="true"/>
<event operation="asset/preview" user="admin" sourcepath="users/admin/2014/04/IMG_4835.JPG" catalogid="media/catalogs/zb" assetid="102" date="2014-04-10 15:01:14 -0400" indexed="true"/>
<event operation="asset/preview" user="admin" sourcepath="users/admin/2014/04/IMG_4831.JPG" catalogid="media/catalogs/zb" assetid="104" date="2014-04-10 16:42:40 -0400" indexed="true"/>
<event operation="asset/preview" user="admin" sourcepath="users/admin/2014/04/IMG_4833_200.JPG" catalogid="media/catalogs/zb" assetid="200" date="2014-04-10 21:03:10 -0400" indexed="true"/>
<event operation="asset/preview" user="admin" sourcepath="Pictures/Pictures/2006/2006_5_27/img_3882.jpg" catalogid="media/catalogs/zb" assetid="ztest1045" date="2014-04-23 09:25:43 -0400" indexed="true"/>
<event operation="asset/preview" user="admin" sourcepath="Pictures/Pictures/2006/2006_5_27/img_3882.jpg" catalogid="media/catalogs/zb" assetid="ztest1045" date="2014-04-23 10:00:04 -0400" indexed="true"/>
<event operation="asset/preview" user="admin" sourcepath="Pictures/Pictures/2006/2006_5_27/img_3882.jpg" catalogid="media/catalogs/zb" assetid="ztest1045" date="2014-04-23 10:08:52 -0400" indexed="true"/>
<event operation="asset/preview" user="admin" sourcepath="users/admin/2014/04/1801358_10101322327506963_1670235242_o.jpg" catalogid="media/catalogs/zb" assetid="101" date="2014-04-23 11:42:52 -0400" indexed="true"/>
<event operation="asset/preview" user="admin" sourcepath="Pictures/Pictures/2006/2006-07-22/IMG_4417.JPG" catalogid="media/catalogs/zb" assetid="ztest1374" date="2014-04-23 11:57:31 -0400" indexed="true"/>
<event operation="asset/preview" user="admin" sourcepath="users/admin/2014/04/IMG_4835.JPG" catalogid="media/catalogs/zb" assetid="151" date="2014-04-23 11:58:40 -0400" indexed="true"/>
<event operation="asset/preview" user="admin" sourcepath="Pictures/Pictures/2006/2006_5_27/img_3882.jpg" catalogid="media/catalogs/zb" assetid="ztest1045" date="2014-04-23 12:07:48 -0400" indexed="false"/>
