<event operation="asset/preview" user="admin" sourcepath="users/admin/2013/11/server-rack-cabinet-md.png" catalogid="media/catalogs/public" assetid="101" date="2013-11-18 23:52:03 -0500" indexed="true"/>
<event operation="asset/preview" user="admin" sourcepath="users/admin/2013/11/server-rack-cabinet-md.png" catalogid="media/catalogs/public" assetid="101" date="2013-11-18 23:52:27 -0500" indexed="true"/>
<event operation="asset/preview" user="admin" sourcepath="users/admin/2013/11/server-rack-cabinet-md.png" catalogid="media/catalogs/public" assetid="101" date="2013-11-18 23:57:46 -0500" indexed="true"/>
<event operation="asset/preview" user="admin" sourcepath="users/admin/2013/11/house_clip_art.jpg" catalogid="media/catalogs/public" assetid="102" date="2013-11-19 17:19:19 -0500" indexed="true"/>
<event operation="asset/preview" user="admin" sourcepath="users/admin/2013/11/server-rack-cabinet-md.png" catalogid="media/catalogs/public" assetid="101" date="2013-11-20 11:54:28 -0500" indexed="true"/>
<event operation="asset/preview" user="admin" sourcepath="users/admin/2013/11/baseball-beach.m2t" catalogid="media/catalogs/public" assetid="104" date="2013-11-20 14:57:57 -0500" indexed="true"/>
<event operation="asset/preview" user="admin" sourcepath="users/admin/2013/11/IMG_5770_01.jpg" catalogid="media/catalogs/public" assetid="106" date="2013-11-20 17:09:15 -0500" indexed="true"/>
<event operation="asset/preview" user="admin" sourcepath="users/admin/2013/11/IMG_5770_01.jpg" catalogid="media/catalogs/public" assetid="106" date="2013-11-20 17:16:35 -0500" indexed="true"/>
<event operation="asset/preview" user="admin" sourcepath="users/admin/2013/11/2012-05-23-161852.jpg" catalogid="media/catalogs/public" assetid="108" date="2013-11-20 20:24:02 -0500" indexed="true"/>
<event operation="asset/preview" user="admin" sourcepath="users/admin/2013/11/Longboard_DEX.jpg" catalogid="media/catalogs/public" assetid="107" date="2013-11-20 21:24:18 -0500" indexed="true"/>
<event operation="asset/preview" user="admin" sourcepath="users/admin/2013/11/SurfferGirl.jpg" catalogid="media/catalogs/public" assetid="113" date="2013-11-21 12:29:32 -0500" indexed="true"/>
<event operation="asset/preview" user="admin" sourcepath="users/admin/2013/11/2012-05-23-161852.jpg" catalogid="media/catalogs/public" assetid="108" date="2013-11-21 12:30:16 -0500" indexed="true"/>
<event operation="asset/preview" user="admin" sourcepath="users/admin/2013/11/2012-05-23-161852.jpg" catalogid="media/catalogs/public" assetid="108" date="2013-11-21 12:30:49 -0500" indexed="true"/>
<event operation="asset/preview" user="admin" sourcepath="users/admin/2013/11/teresa.jpeg" catalogid="media/catalogs/public" assetid="105" date="2013-11-21 12:31:49 -0500" indexed="true"/>
<event operation="asset/preview" user="admin" sourcepath="users/admin/2013/11/teresa.jpeg" catalogid="media/catalogs/public" assetid="105" date="2013-11-21 12:33:43 -0500" indexed="true"/>
<event operation="asset/preview" user="admin" sourcepath="users/admin/2013/11/teresa.jpeg" catalogid="media/catalogs/public" assetid="105" date="2013-11-21 14:32:59 -0500" indexed="true"/>
<event operation="asset/preview" user="admin" sourcepath="users/admin/2013/11/SurfferGirl.jpg" catalogid="media/catalogs/public" assetid="113" date="2013-11-21 15:40:04 -0500" indexed="true"/>
<event operation="asset/preview" user="admin" sourcepath="users/admin/2013/11/SurfferGirl_115.jpg" catalogid="media/catalogs/public" assetid="115" date="2013-11-21 15:40:57 -0500" indexed="true"/>
<event operation="asset/preview" user="admin" sourcepath="users/admin/2013/11/IMG_5770_01.jpg" catalogid="media/catalogs/public" assetid="106" date="2013-11-21 16:27:15 -0500" indexed="true"/>
<event operation="asset/preview" user="admin" sourcepath="users/admin/2013/12/hp_217986 copy.jpg" catalogid="media/catalogs/public" assetid="117" date="2013-12-04 13:51:03 -0500" indexed="true"/>
<event operation="asset/preview" user="admin" sourcepath="users/admin/2013/12/hp_217986 copy_118.jpg" catalogid="media/catalogs/public" assetid="118" date="2013-12-04 13:53:10 -0500" indexed="true"/>
<event operation="asset/preview" user="admin" sourcepath="users/admin/2013/12/hp_217986 copy_119.jpg" catalogid="media/catalogs/public" assetid="119" date="2013-12-04 14:03:02 -0500" indexed="true"/>
<event operation="asset/preview" user="admin" sourcepath="users/admin/2013/12/hp_217986 copy_119.jpg" catalogid="media/catalogs/public" assetid="119" date="2013-12-04 14:03:31 -0500" indexed="true"/>
<event operation="asset/preview" user="admin" sourcepath="users/admin/2013/11/baseball-beach.m2t" catalogid="media/catalogs/public" assetid="104" date="2013-12-04 15:33:31 -0500" indexed="true"/>
<event operation="asset/preview" user="admin" sourcepath="users/admin/2013/11/IMG_5770_01.jpg" catalogid="media/catalogs/public" assetid="106" date="2013-12-04 15:55:17 -0500" indexed="true"/>
<event operation="asset/preview" user="admin" sourcepath="users/admin/2013/12/Bob Marley - Wait in Vain.mp3" catalogid="media/catalogs/public" assetid="120" date="2013-12-05 09:26:56 -0500" indexed="true"/>
<event operation="asset/preview" user="admin" sourcepath="users/admin/2013/12/hp_217986 copy_118.jpg" catalogid="media/catalogs/public" assetid="118" date="2013-12-05 17:21:56 -0500" indexed="true"/>
<event operation="asset/preview" user="admin" sourcepath="users/admin/2013/12/hp_217986 copy_118.jpg" catalogid="media/catalogs/public" assetid="118" date="2013-12-05 17:23:27 -0500" indexed="true"/>
<event operation="asset/preview" user="admin" sourcepath="users/admin/2013/12/hp_217986 copy_118.jpg" catalogid="media/catalogs/public" assetid="118" date="2013-12-05 17:24:07 -0500" indexed="true"/>
<event operation="asset/preview" user="admin" sourcepath="users/admin/2013/12/hp_217986 copy_118.jpg" catalogid="media/catalogs/public" assetid="118" date="2013-12-06 09:30:43 -0500" indexed="true"/>
<event operation="asset/preview" user="admin" sourcepath="users/admin/2013/12/hp_217986 copy_118.jpg" catalogid="media/catalogs/public" assetid="118" date="2013-12-06 09:30:48 -0500" indexed="true"/>
<event operation="asset/preview" user="admin" sourcepath="users/admin/2013/12/hp_217986 copy_119.jpg" catalogid="media/catalogs/public" assetid="119" date="2013-12-10 15:24:29 -0500" indexed="true"/>
<event operation="asset/preview" user="admin" sourcepath="users/admin/2013/11/baseball-beach_111.m2t" catalogid="media/catalogs/public" assetid="111" date="2013-12-10 23:59:41 -0500" indexed="true"/>
<event operation="asset/preview" user="admin" sourcepath="users/admin/2013/11/baseball-beach_111.m2t" catalogid="media/catalogs/public" assetid="111" date="2013-12-20 11:31:19 -0500" indexed="true"/>
<event operation="asset/preview" user="admin" sourcepath="users/admin/2013/11/baseball-beach_111.m2t" catalogid="media/catalogs/public" assetid="111" date="2013-12-20 11:31:26 -0500" indexed="true"/>
<event operation="asset/preview" user="admin" sourcepath="users/admin/2013/11/baseball-beach_111.m2t" catalogid="media/catalogs/public" assetid="111" date="2013-12-20 11:52:12 -0500" indexed="true"/>
<event operation="asset/preview" user="admin" sourcepath="users/admin/2013/11/baseball-beach_111.m2t" catalogid="media/catalogs/public" assetid="111" date="2013-12-20 11:52:41 -0500" indexed="true"/>
<event operation="asset/preview" user="admin" sourcepath="users/admin/2013/11/baseball-beach_111.m2t" catalogid="media/catalogs/public" assetid="111" date="2013-12-20 11:53:16 -0500" indexed="true"/>
<event operation="asset/preview" user="admin" sourcepath="users/admin/2013/11/teresa.jpeg" catalogid="media/catalogs/public" assetid="105" date="2013-12-23 13:13:20 -0500" indexed="true"/>
<event operation="asset/preview" user="admin" sourcepath="users/admin/2013/11/IMG_5770_01.jpg" catalogid="media/catalogs/public" assetid="106" date="2013-12-23 13:13:34 -0500" indexed="true"/>
<event operation="asset/preview" user="admin" sourcepath="users/admin/2013/11/teresa.jpeg" catalogid="media/catalogs/public" assetid="105" date="2013-12-23 13:14:58 -0500" indexed="true"/>
<event operation="asset/preview" user="admin" sourcepath="users/admin/2013/11/teresa.jpeg" catalogid="media/catalogs/public" assetid="105" date="2013-12-23 13:15:03 -0500" indexed="true"/>
<event operation="asset/preview" user="admin" sourcepath="users/admin/2013/11/teresa.jpeg" catalogid="media/catalogs/public" assetid="105" date="2013-12-23 13:15:19 -0500" indexed="true"/>
<event operation="asset/preview" user="admin" sourcepath="users/admin/2013/11/teresa.jpeg" catalogid="media/catalogs/public" assetid="105" date="2013-12-23 13:16:49 -0500" indexed="true"/>
<event operation="asset/preview" user="admin" sourcepath="users/admin/2013/11/teresa.jpeg" catalogid="media/catalogs/public" assetid="105" date="2013-12-23 13:17:16 -0500" indexed="true"/>
<event operation="asset/preview" user="admin" sourcepath="users/admin/2013/11/teresa.jpeg" catalogid="media/catalogs/public" assetid="105" date="2013-12-23 13:17:19 -0500" indexed="true"/>
<event operation="asset/preview" user="admin" sourcepath="users/admin/2013/11/teresa.jpeg" catalogid="media/catalogs/public" assetid="105" date="2013-12-23 13:17:40 -0500" indexed="true"/>
<event operation="asset/preview" user="admin" sourcepath="users/admin/2013/11/teresa.jpeg" catalogid="media/catalogs/public" assetid="105" date="2013-12-23 13:17:52 -0500" indexed="true"/>
<event operation="asset/preview" user="admin" sourcepath="users/admin/2013/11/teresa.jpeg" catalogid="media/catalogs/public" assetid="105" date="2013-12-23 13:18:05 -0500" indexed="true"/>
<event operation="asset/preview" user="admin" sourcepath="users/admin/2013/11/teresa.jpeg" catalogid="media/catalogs/public" assetid="105" date="2013-12-23 13:18:43 -0500" indexed="true"/>
<event operation="asset/preview" user="admin" sourcepath="users/admin/2013/11/teresa.jpeg" catalogid="media/catalogs/public" assetid="105" date="2013-12-23 13:20:29 -0500" indexed="true"/>
<event operation="asset/preview" user="admin" sourcepath="users/admin/2013/12/creditscore2010.pdf" catalogid="media/catalogs/public" assetid="121" date="2013-12-23 13:21:24 -0500" indexed="true"/>
<event operation="asset/preview" user="admin" sourcepath="users/admin/2013/12/creditscore2010.pdf" catalogid="media/catalogs/public" assetid="121" date="2013-12-23 13:21:34 -0500" indexed="true"/>
<event operation="asset/preview" user="admin" sourcepath="users/admin/2013/12/creditscore2010.pdf" catalogid="media/catalogs/public" assetid="121" date="2013-12-23 13:21:38 -0500" indexed="true"/>
<event operation="asset/preview" user="admin" sourcepath="users/admin/2013/12/creditscore2010.pdf" catalogid="media/catalogs/public" assetid="121" date="2013-12-23 13:22:01 -0500" indexed="true"/>
<event operation="asset/preview" user="admin" sourcepath="users/admin/2013/12/creditscore2010.pdf" catalogid="media/catalogs/public" assetid="121" date="2013-12-23 13:22:02 -0500" indexed="true"/>
<event operation="asset/preview" user="admin" sourcepath="users/admin/2013/12/creditscore2010.pdf" catalogid="media/catalogs/public" assetid="121" date="2013-12-23 13:22:04 -0500" indexed="true"/>
<event operation="asset/preview" user="admin" sourcepath="users/admin/2013/12/creditscore2010.pdf" catalogid="media/catalogs/public" assetid="121" date="2013-12-23 13:22:15 -0500" indexed="true"/>
<event operation="asset/preview" user="admin" sourcepath="users/admin/2013/12/creditscore2010.pdf" catalogid="media/catalogs/public" assetid="121" date="2013-12-31 12:46:02 -0500" indexed="true"/>
<event operation="asset/preview" user="admin" sourcepath="users/admin/2013/12/creditscore2010.pdf" catalogid="media/catalogs/public" assetid="121" date="2013-12-31 13:07:05 -0500" indexed="true"/>
<event operation="asset/preview" user="admin" sourcepath="users/admin/2013/12/creditscore2010.pdf" catalogid="media/catalogs/public" assetid="121" date="2013-12-31 13:07:34 -0500" indexed="true"/>
<event operation="asset/preview" user="admin" sourcepath="users/admin/2013/11/teresa.jpeg" catalogid="media/catalogs/public" assetid="105" date="2013-12-31 13:10:42 -0500" indexed="true"/>
<event operation="asset/preview" user="admin" sourcepath="users/admin/2013/11/teresa.jpeg" catalogid="media/catalogs/public" assetid="105" date="2013-12-31 13:11:25 -0500" indexed="true"/>
<event operation="asset/preview" user="admin" sourcepath="users/admin/2013/11/IMG_5770_01.jpg" catalogid="media/catalogs/public" assetid="106" date="2013-12-31 13:11:30 -0500" indexed="true"/>
<event operation="asset/preview" user="admin" sourcepath="users/admin/2013/11/IMG_5770_01.jpg" catalogid="media/catalogs/public" assetid="106" date="2013-12-31 13:11:41 -0500" indexed="true"/>
<event operation="asset/preview" user="admin" sourcepath="users/admin/2013/11/IMG_5770_01.jpg" catalogid="media/catalogs/public" assetid="106" date="2013-12-31 13:11:46 -0500" indexed="true"/>
<event operation="asset/preview" user="admin" sourcepath="users/admin/2013/11/IMG_5770_01.jpg" catalogid="media/catalogs/public" assetid="106" date="2013-12-31 13:11:51 -0500" indexed="true"/>
<event operation="asset/preview" user="admin" sourcepath="test/T_2" catalogid="media/catalogs/public" assetid="t_2" date="2014-01-23 12:17:57 -0500" indexed="true"/>
<event operation="asset/preview" user="admin" sourcepath="users/admin/2013/11/newtestasset.jpg" catalogid="media/catalogs/public" assetid="114" date="2014-01-28 15:43:34 -0500" indexed="true"/>
<event operation="asset/preview" user="admin" sourcepath="users/admin/2013/11/server-rack-cabinet-md.png" catalogid="media/catalogs/public" assetid="101" date="2014-01-30 13:54:26 -0500" indexed="true"/>
<event operation="asset/preview" user="admin" sourcepath="users/admin/2014/02/test.ts" catalogid="media/catalogs/public" assetid="124" date="2014-02-12 13:45:40 -0500" indexed="true"/>
<event operation="asset/preview" user="admin" sourcepath="users/admin/102" catalogid="media/catalogs/public" assetid="102" date="2014-02-18 15:23:10 -0500" indexed="true"/>
<event operation="asset/preview" user="admin" sourcepath="users/admin/102" catalogid="media/catalogs/public" assetid="102" date="2014-02-18 15:33:18 -0500" indexed="true"/>
<event operation="asset/preview" user="admin" sourcepath="users/admin/102" catalogid="media/catalogs/public" assetid="102" date="2014-02-18 15:41:20 -0500" indexed="true"/>
<event operation="asset/preview" user="admin" sourcepath="users/admin/102" catalogid="media/catalogs/public" assetid="102" date="2014-02-18 15:41:34 -0500" indexed="true"/>
<event operation="asset/preview" user="admin" sourcepath="users/admin/2013/11/2012-05-23-161852.jpg" catalogid="media/catalogs/public" assetid="108" date="2014-02-19 16:12:08 -0500" indexed="true"/>
<event operation="asset/preview" user="admin" sourcepath="users/admin/2013/11/2012-05-23-161852.jpg" catalogid="media/catalogs/public" assetid="108" date="2014-02-19 16:12:17 -0500" indexed="true"/>
<event operation="asset/preview" user="admin" sourcepath="users/admin/2013/11/2012-05-23-161852.jpg" catalogid="media/catalogs/public" assetid="108" date="2014-02-19 16:26:05 -0500" indexed="true"/>
<event operation="asset/preview" user="admin" sourcepath="users/admin/2013/11/server-rack-cabinet-md.png" catalogid="media/catalogs/public" assetid="101" date="2014-02-24 17:35:03 -0500" indexed="true"/>
<event operation="asset/preview" user="admin" sourcepath="users/admin/2013/11/server-rack-cabinet-md.png" catalogid="media/catalogs/public" assetid="101" date="2014-03-03 14:19:49 -0500" indexed="true"/>
<event operation="asset/preview" user="admin" sourcepath="users/admin/2013/11/server-rack-cabinet-md.png" catalogid="media/catalogs/public" assetid="101" date="2014-03-03 14:27:53 -0500" indexed="true"/>
<event operation="asset/preview" user="admin" sourcepath="users/admin/2013/11/server-rack-cabinet-md.png" catalogid="media/catalogs/public" assetid="101" date="2014-03-03 14:31:25 -0500" indexed="true"/>
<event operation="asset/preview" user="admin" sourcepath="users/admin/2013/11/server-rack-cabinet-md.png" catalogid="media/catalogs/public" assetid="101" date="2014-03-03 14:31:40 -0500" indexed="true"/>
<event operation="asset/preview" user="admin" sourcepath="users/admin/2013/11/server-rack-cabinet-md.png" catalogid="media/catalogs/public" assetid="101" date="2014-03-06 10:23:09 -0500" indexed="true"/>
<event operation="asset/preview" user="admin" sourcepath="users/admin/2013/11/server-rack-cabinet-md.png" catalogid="media/catalogs/public" assetid="101" date="2014-03-06 10:23:28 -0500" indexed="true"/>
<event operation="asset/preview" user="admin" sourcepath="users/admin/2013/11/server-rack-cabinet-md.png" catalogid="media/catalogs/public" assetid="101" date="2014-03-06 10:29:07 -0500" indexed="true"/>
<event operation="asset/preview" user="admin" sourcepath="users/admin/2013/11/server-rack-cabinet-md.png" catalogid="media/catalogs/public" assetid="101" date="2014-03-06 10:31:44 -0500" indexed="true"/>
<event operation="asset/preview" user="admin" sourcepath="users/admin/2013/11/server-rack-cabinet-md.png" catalogid="media/catalogs/public" assetid="101" date="2014-03-06 10:36:27 -0500" indexed="true"/>
<event operation="asset/preview" user="admin" sourcepath="users/admin/2013/11/server-rack-cabinet-md.png" catalogid="media/catalogs/public" assetid="101" date="2014-03-06 10:40:11 -0500" indexed="true"/>
<event operation="asset/preview" user="admin" sourcepath="users/admin/2013/11/server-rack-cabinet-md.png" catalogid="media/catalogs/public" assetid="101" date="2014-03-06 10:41:24 -0500" indexed="true"/>
<event operation="asset/preview" user="admin" sourcepath="users/admin/2013/11/server-rack-cabinet-md.png" catalogid="media/catalogs/public" assetid="101" date="2014-03-06 10:44:06 -0500" indexed="true"/>
<event operation="asset/preview" user="admin" sourcepath="users/admin/2013/11/server-rack-cabinet-md.png" catalogid="media/catalogs/public" assetid="101" date="2014-03-06 16:21:52 -0500" indexed="true"/>
<event operation="asset/preview" user="admin" sourcepath="users/admin/2013/11/server-rack-cabinet-md.png" catalogid="media/catalogs/public" assetid="101" date="2014-03-06 16:32:11 -0500" indexed="true"/>
<event operation="asset/preview" user="admin" sourcepath="users/admin/2013/11/house_clip_art_116.jpg" catalogid="media/catalogs/public" assetid="116" date="2014-03-07 14:38:38 -0500" indexed="true"/>
<event operation="asset/preview" user="admin" sourcepath="users/admin/2013/11/house_clip_art.jpg" catalogid="media/catalogs/public" assetid="102" date="2014-03-07 14:47:22 -0500" indexed="true"/>
<event operation="asset/preview" user="admin" sourcepath="users/admin/2013/11/server-rack-cabinet-md.png" catalogid="media/catalogs/public" assetid="101" date="2014-03-10 10:07:01 -0400" indexed="true"/>
<event operation="asset/preview" user="admin" sourcepath="users/admin/2013/11/server-rack-cabinet-md.png" catalogid="media/catalogs/public" assetid="101" date="2014-03-10 10:58:58 -0400" indexed="true"/>
<event operation="asset/preview" user="admin" sourcepath="users/admin/2013/11/server-rack-cabinet-md.png" catalogid="media/catalogs/public" assetid="101" date="2014-03-10 11:01:04 -0400" indexed="true"/>
<event operation="asset/preview" user="admin" sourcepath="users/admin/2013/11/server-rack-cabinet-md.png" catalogid="media/catalogs/public" assetid="101" date="2014-03-10 11:50:55 -0400" indexed="true"/>
<event operation="asset/preview" user="admin" sourcepath="users/admin/2013/11/server-rack-cabinet-md.png" catalogid="media/catalogs/public" assetid="101" date="2014-03-10 11:53:21 -0400" indexed="true"/>
<event operation="asset/preview" user="admin" sourcepath="users/admin/2013/11/server-rack-cabinet-md.png" catalogid="media/catalogs/public" assetid="101" date="2014-03-10 11:56:18 -0400" indexed="true"/>
<event operation="asset/preview" user="admin" sourcepath="users/admin/2013/11/2012-05-23-161852.jpg" catalogid="media/catalogs/public" assetid="108" date="2014-03-10 11:56:24 -0400" indexed="true"/>
<event operation="asset/preview" user="admin" sourcepath="users/admin/2013/11/2012-05-23-161852.jpg" catalogid="media/catalogs/public" assetid="108" date="2014-03-10 12:12:14 -0400" indexed="true"/>
<event operation="asset/preview" user="admin" sourcepath="users/admin/2013/11/2012-05-23-161852.jpg" catalogid="media/catalogs/public" assetid="108" date="2014-03-10 12:39:45 -0400" indexed="true"/>
<event operation="asset/preview" user="admin" sourcepath="users/admin/2013/11/2012-05-23-161852.jpg" catalogid="media/catalogs/public" assetid="108" date="2014-03-10 12:40:38 -0400" indexed="true"/>
<event operation="asset/preview" user="admin" sourcepath="users/admin/2013/11/2012-05-23-161852.jpg" catalogid="media/catalogs/public" assetid="108" date="2014-03-10 13:11:21 -0400" indexed="true"/>
<event operation="asset/preview" user="admin" sourcepath="users/admin/2013/11/2012-05-23-161852.jpg" catalogid="media/catalogs/public" assetid="108" date="2014-03-10 13:52:11 -0400" indexed="true"/>
<event operation="asset/preview" user="admin" sourcepath="users/admin/2013/11/2012-05-23-161852.jpg" catalogid="media/catalogs/public" assetid="108" date="2014-03-10 13:52:30 -0400" indexed="true"/>
<event operation="asset/preview" user="admin" sourcepath="users/admin/2013/11/2012-05-23-161852.jpg" catalogid="media/catalogs/public" assetid="108" date="2014-03-10 13:54:13 -0400" indexed="true"/>
<event operation="asset/preview" user="admin" sourcepath="users/admin/2013/11/house_clip_art_116.jpg" catalogid="media/catalogs/public" assetid="116" date="2014-03-10 13:57:49 -0400" indexed="true"/>
<event operation="asset/preview" user="admin" sourcepath="users/admin/2013/11/house_clip_art_116.jpg" catalogid="media/catalogs/public" assetid="116" date="2014-03-10 13:59:01 -0400" indexed="true"/>
<event operation="asset/preview" user="admin" sourcepath="users/admin/2013/11/house_clip_art_116.jpg" catalogid="media/catalogs/public" assetid="116" date="2014-03-10 14:12:57 -0400" indexed="true"/>
<event operation="asset/preview" user="admin" sourcepath="users/admin/2013/11/house_clip_art_116.jpg" catalogid="media/catalogs/public" assetid="116" date="2014-03-10 14:15:08 -0400" indexed="true"/>
<event operation="asset/preview" user="admin" sourcepath="users/admin/2013/11/baseball-beach_112.m2t" catalogid="media/catalogs/public" assetid="112" date="2014-03-12 11:46:32 -0400" indexed="true"/>
<event operation="asset/preview" user="admin" sourcepath="users/admin/2013/11/baseball-beach_112.m2t" catalogid="media/catalogs/public" assetid="112" date="2014-03-12 11:46:33 -0400" indexed="true"/>
<event operation="asset/preview" user="admin" sourcepath="users/admin/2013/11/baseball-beach_111.m2t" catalogid="media/catalogs/public" assetid="111" date="2014-03-12 11:52:12 -0400" indexed="true"/>
<event operation="asset/preview" user="admin" sourcepath="users/admin/2013/11/baseball-beach_112.m2t" catalogid="media/catalogs/public" assetid="112" date="2014-03-12 12:14:59 -0400" indexed="true"/>
<event operation="asset/preview" user="admin" sourcepath="users/admin/2013/12/creditscore2010.pdf" catalogid="media/catalogs/public" assetid="121" date="2014-03-12 12:19:07 -0400" indexed="true"/>
<event operation="asset/preview" user="admin" sourcepath="users/admin/2013/11/2012-05-23-161852.jpg" catalogid="media/catalogs/public" assetid="108" date="2014-03-12 13:32:28 -0400" indexed="true"/>
<event operation="asset/preview" user="admin" sourcepath="users/admin/2014/03/test.htm" catalogid="media/catalogs/public" assetid="130" date="2014-03-25 11:57:21 -0400" indexed="true"/>
<event operation="asset/preview" user="admin" sourcepath="users/admin/2014/03/test.htm" catalogid="media/catalogs/public" assetid="130" date="2014-03-25 11:57:35 -0400" indexed="true"/>
<event operation="asset/preview" user="admin" sourcepath="users/admin/2013/11/baseball-beach.m2t" catalogid="media/catalogs/public" assetid="104" date="2014-03-25 13:19:13 -0400" indexed="true"/>
<event operation="asset/preview" user="admin" sourcepath="users/admin/2013/11/baseball-beach.m2t" catalogid="media/catalogs/public" assetid="104" date="2014-03-25 13:47:56 -0400" indexed="true"/>
<event operation="asset/preview" user="admin" sourcepath="users/admin/2013/11/baseball-beach.m2t" catalogid="media/catalogs/public" assetid="104" date="2014-03-25 13:48:49 -0400" indexed="true"/>
<event operation="asset/preview" user="admin" sourcepath="users/admin/2013/11/baseball-beach.m2t" catalogid="media/catalogs/public" assetid="104" date="2014-03-25 13:50:41 -0400" indexed="true"/>
<event operation="asset/preview" user="admin" sourcepath="users/admin/2013/11/baseball-beach_111.m2t" catalogid="media/catalogs/public" assetid="111" date="2014-03-25 15:54:45 -0400" indexed="true"/>
<event operation="asset/preview" user="admin" sourcepath="users/admin/2013/11/baseball-beach_112.m2t" catalogid="media/catalogs/public" assetid="112" date="2014-03-25 16:07:58 -0400" indexed="true"/>
<event operation="asset/preview" user="admin" sourcepath="users/admin/2013/12/creditscore2010.pdf" catalogid="media/catalogs/public" assetid="121" date="2014-03-25 16:14:29 -0400" indexed="true"/>
<event operation="asset/preview" user="admin" sourcepath="users/admin/2013/12/creditscore2010.pdf" catalogid="media/catalogs/public" assetid="121" date="2014-03-25 16:15:16 -0400" indexed="true"/>
<event operation="asset/preview" user="admin" sourcepath="users/admin/2013/11/baseball-beach_111.m2t" catalogid="media/catalogs/public" assetid="111" date="2014-03-25 16:18:11 -0400" indexed="true"/>
<event operation="asset/preview" user="admin" sourcepath="users/admin/2013/11/baseball-beach.m2t" catalogid="media/catalogs/public" assetid="104" date="2014-03-25 16:19:34 -0400" indexed="true"/>
<event operation="asset/preview" user="admin" sourcepath="users/admin/2013/11/baseball-beach_111.m2t" catalogid="media/catalogs/public" assetid="111" date="2014-03-25 16:19:36 -0400" indexed="true"/>
<event operation="asset/preview" user="admin" sourcepath="users/admin/2013/11/baseball-beach_110.m2t" catalogid="media/catalogs/public" assetid="128" date="2014-03-25 16:19:38 -0400" indexed="true"/>
<event operation="asset/preview" user="admin" sourcepath="users/admin/2013/12/hp_217986 copy.jpg" catalogid="media/catalogs/public" assetid="117" date="2014-03-25 16:19:39 -0400" indexed="true"/>
<event operation="asset/preview" user="admin" sourcepath="users/admin/2013/11/baseball-beach.m2t" catalogid="media/catalogs/public" assetid="104" date="2014-03-25 16:23:39 -0400" indexed="true"/>
<event operation="asset/preview" user="admin" sourcepath="users/admin/2013/11/baseball-beach.m2t" catalogid="media/catalogs/public" assetid="104" date="2014-03-25 16:25:13 -0400" indexed="true"/>
<event operation="asset/preview" user="admin" sourcepath="users/admin/2013/11/baseball-beach.m2t" catalogid="media/catalogs/public" assetid="104" date="2014-03-25 16:33:05 -0400" indexed="true"/>
<event operation="asset/preview" user="admin" sourcepath="users/admin/2013/11/baseball-beach_112.m2t" catalogid="media/catalogs/public" assetid="112" date="2014-03-28 11:39:52 -0400" indexed="true"/>
<event operation="asset/preview" user="admin" sourcepath="users/admin/2014/03/LongVideo_MP4.mp4" catalogid="media/catalogs/public" assetid="131" date="2014-03-28 11:42:47 -0400" indexed="true"/>
<event operation="asset/preview" user="admin" sourcepath="users/admin/2014/03/LongVideo_MP4.mp4" catalogid="media/catalogs/public" assetid="131" date="2014-03-28 14:56:55 -0400" indexed="true"/>
<event operation="asset/preview" user="admin" sourcepath="users/admin/2014/04/glitter heart.jpg" catalogid="media/catalogs/public" assetid="132" date="2014-04-02 15:05:20 -0400" indexed="true"/>
<event operation="asset/preview" user="admin" sourcepath="users/admin/2014/04/glitter heart_133.jpg" catalogid="media/catalogs/public" assetid="133" date="2014-04-02 15:57:02 -0400" indexed="true"/>
<event operation="asset/preview" user="admin" sourcepath="users/admin/2013/11/baseball-beach_112.m2t" catalogid="media/catalogs/public" assetid="112" date="2014-04-02 16:23:08 -0400" indexed="true"/>
<event operation="asset/preview" user="admin" sourcepath="users/admin/2014/04/glitter heart_134.jpg" catalogid="media/catalogs/public" assetid="134" date="2014-04-02 16:28:47 -0400" indexed="true"/>
<event operation="asset/preview" user="admin" sourcepath="users/admin/2014/04/glitter heart_134.jpg" catalogid="media/catalogs/public" assetid="134" date="2014-04-02 16:28:54 -0400" indexed="true"/>
<event operation="asset/preview" user="admin" sourcepath="users/admin/2014/04/glitter heart_135.jpg" catalogid="media/catalogs/public" assetid="135" date="2014-04-03 09:42:47 -0400" indexed="true"/>
<event operation="asset/preview" user="admin" sourcepath="users/admin/2014/04/glitter heart_135.jpg" catalogid="media/catalogs/public" assetid="135" date="2014-04-03 09:42:54 -0400" indexed="true"/>
<event operation="asset/preview" user="admin" sourcepath="users/admin/2014/04/glitter heart_136.jpg" catalogid="media/catalogs/public" assetid="136" date="2014-04-03 09:43:26 -0400" indexed="true"/>
<event operation="asset/preview" user="admin" sourcepath="users/admin/2013/11/baseball-beach_112.m2t" catalogid="media/catalogs/public" assetid="112" date="2014-04-03 10:01:11 -0400" indexed="true"/>
<event operation="asset/preview" user="admin" sourcepath="users/admin/2014/04/glitter heart_139.jpg" catalogid="media/catalogs/public" assetid="139" date="2014-04-03 10:09:36 -0400" indexed="true"/>
<event operation="asset/preview" user="admin" sourcepath="users/admin/2014/04/glitter heart_139.jpg" catalogid="media/catalogs/public" assetid="139" date="2014-04-03 10:09:43 -0400" indexed="true"/>
<event operation="asset/preview" user="admin" sourcepath="users/admin/2013/11/baseball-beach_111.m2t" catalogid="media/catalogs/public" assetid="111" date="2014-04-03 15:10:21 -0400" indexed="true"/>
<event operation="asset/preview" user="admin" sourcepath="users/admin/2013/11/baseball-beach_111.m2t" catalogid="media/catalogs/public" assetid="111" date="2014-04-03 15:10:45 -0400" indexed="true"/>
<event operation="asset/preview" user="admin" sourcepath="users/admin/2013/11/baseball-beach.m2t" catalogid="media/catalogs/public" assetid="104" date="2014-04-09 10:28:15 -0400" indexed="true"/>
<event operation="asset/preview" user="admin" sourcepath="users/admin/2013/11/baseball-beach_112.m2t" catalogid="media/catalogs/public" assetid="112" date="2014-04-09 10:29:10 -0400" indexed="true"/>
<event operation="asset/preview" user="admin" sourcepath="users/admin/2013/11/baseball-beach_112.m2t" catalogid="media/catalogs/public" assetid="112" date="2014-04-09 10:29:56 -0400" indexed="true"/>
<event operation="asset/preview" user="admin" sourcepath="users/admin/2013/11/baseball-beach_112.m2t" catalogid="media/catalogs/public" assetid="112" date="2014-04-09 10:34:49 -0400" indexed="true"/>
<event operation="asset/preview" user="admin" sourcepath="users/admin/2013/11/baseball-beach_112.m2t" catalogid="media/catalogs/public" assetid="112" date="2014-04-09 10:34:49 -0400" indexed="true"/>
<event operation="asset/preview" user="admin" sourcepath="users/admin/2013/11/baseball-beach.m2t" catalogid="media/catalogs/public" assetid="104" date="2014-04-14 11:02:50 -0400" indexed="true"/>
<event operation="asset/preview" user="admin" sourcepath="users/admin/2013/11/baseball-beach.m2t" catalogid="media/catalogs/public" assetid="104" date="2014-04-14 11:03:27 -0400" indexed="true"/>
<event operation="asset/preview" user="admin" sourcepath="users/admin/2013/11/baseball-beach.m2t" catalogid="media/catalogs/public" assetid="104" date="2014-04-14 12:29:35 -0400" indexed="true"/>
<event operation="asset/preview" user="admin" sourcepath="Pictures/Pictures/2006/2006-10-01/IMG_4845.JPG" catalogid="media/catalogs/public" assetid="315" date="2014-04-14 14:52:20 -0400" indexed="true"/>
<event operation="asset/preview" user="admin" sourcepath="Pictures/Webcam/2014-02-11-143929.jpg" catalogid="media/catalogs/public" assetid="172" date="2014-04-14 15:01:55 -0400" indexed="true"/>
<event operation="asset/preview" user="admin" sourcepath="Pictures/Webcam/2014-02-11-143929.jpg" catalogid="media/catalogs/public" assetid="172" date="2014-04-14 15:07:24 -0400" indexed="true"/>
<event operation="asset/preview" user="admin" sourcepath="Pictures/Pictures/2006/2006_5_27/mvi_3811.avi" catalogid="media/catalogs/public" assetid="1088" date="2014-04-14 15:18:53 -0400" indexed="true"/>
<event operation="asset/preview" user="admin" sourcepath="Pictures/Pictures/2005/2005SpringJuly/img_0997.jpg" catalogid="media/catalogs/public" assetid="1746" date="2014-04-14 15:30:28 -0400" indexed="true"/>
<event operation="asset/preview" user="admin" sourcepath="Pictures/Pictures/2005/2005SpringJuly/img_1039.jpg" catalogid="media/catalogs/public" assetid="1743" date="2014-04-14 15:31:51 -0400" indexed="true"/>
<event operation="asset/preview" user="admin" sourcepath="Pictures/Pictures/2006/2006_5_29/mvi_3999.avi" catalogid="media/catalogs/public" assetid="1238" date="2014-04-14 15:40:17 -0400" indexed="true"/>
<event operation="asset/preview" user="admin" sourcepath="Pictures/Pictures/2006/2006_5_29/img_4012.jpg" catalogid="media/catalogs/public" assetid="1271" date="2014-04-14 15:41:18 -0400" indexed="true"/>
<event operation="asset/preview" user="admin" sourcepath="Pictures/IMG_4789.JPG" catalogid="media/catalogs/public" assetid="1854" date="2014-04-14 15:55:37 -0400" indexed="true"/>
<event operation="asset/preview" user="admin" sourcepath="Pictures/Pictures/2006/2006_5_27/mvi_3811.avi" catalogid="media/catalogs/public" assetid="1088" date="2014-04-14 16:21:33 -0400" indexed="true"/>
<event operation="asset/preview" user="admin" sourcepath="users/admin/2014/04/glitter heart_1859.jpg" catalogid="media/catalogs/public" assetid="1859" date="2014-04-14 16:23:06 -0400" indexed="true"/>
<event operation="asset/preview" user="admin" sourcepath="users/admin/2014/03/LongVideo_MP4.mp4" catalogid="media/catalogs/public" assetid="131" date="2014-04-15 12:13:03 -0400" indexed="true"/>
<event operation="asset/preview" user="admin" sourcepath="Pictures/IMG_3051.JPG" catalogid="media/catalogs/public" assetid="1848" date="2014-04-15 13:37:51 -0400" indexed="true"/>
<event operation="asset/preview" user="admin" sourcepath="users/admin/2013/11/teresa.jpeg" catalogid="media/catalogs/public" assetid="105" date="2014-04-15 14:34:09 -0400" indexed="true"/>
<event operation="asset/preview" user="admin" sourcepath="users/admin/2014/04/glitter heart_135.jpg" catalogid="media/catalogs/public" assetid="135" date="2014-04-15 15:17:51 -0400" indexed="true"/>
<event operation="asset/preview" user="admin" sourcepath="Pictures/Pictures/2005/done/done.mpeg" catalogid="media/catalogs/public" assetid="1703" date="2014-04-15 16:02:52 -0400" indexed="true"/>
<event operation="asset/preview" user="admin" sourcepath="users/admin/2014/04/Video_WMV.wmv" catalogid="media/catalogs/public" assetid="1860" date="2014-04-15 16:11:14 -0400" indexed="true"/>
<event operation="asset/preview" user="admin" sourcepath="users/admin/2014/04/Video_WMV_1861.wmv" catalogid="media/catalogs/public" assetid="1861" date="2014-04-15 16:12:25 -0400" indexed="true"/>
<event operation="asset/preview" user="admin" sourcepath="users/admin/2014/04/glitter heart_135.jpg" catalogid="media/catalogs/public" assetid="135" date="2014-04-15 16:48:03 -0400" indexed="true"/>
<event operation="asset/preview" user="admin" sourcepath="Pictures/Pictures/2005/done/done.mpeg" catalogid="media/catalogs/public" assetid="1703" date="2014-04-16 14:48:50 -0400" indexed="true"/>
<event operation="asset/preview" user="admin" sourcepath="Pictures/Pictures/2005/done/done.mpeg" catalogid="media/catalogs/public" assetid="1703" date="2014-04-16 14:57:51 -0400" indexed="true"/>
<event operation="asset/preview" user="admin" sourcepath="Pictures/Pictures/2005/done/done.mpeg" catalogid="media/catalogs/public" assetid="1703" date="2014-04-22 11:21:14 -0400" indexed="true"/>
<event operation="asset/preview" user="admin" sourcepath="Pictures/Pictures/2006/2006_5_27/img_3882.jpg" catalogid="media/catalogs/public" assetid="1045" date="2014-04-23 09:22:53 -0400" indexed="true"/>
<event operation="asset/preview" user="admin" sourcepath="users/admin/2014/04/glitter heart_x.jpg" catalogid="media/catalogs/public" assetid="1929" date="2014-05-02 11:12:29 -0400" indexed="true"/>
<event operation="asset/preview" user="admin" sourcepath="users/admin/2014/04/glitter heart_x3.jpg" catalogid="media/catalogs/public" assetid="1931" date="2014-05-02 11:17:17 -0400" indexed="true"/>
<event operation="asset/preview" user="admin" sourcepath="Pictures/Pictures/2005/done/done.mpeg" catalogid="media/catalogs/public" assetid="1703" date="2014-05-02 16:50:32 -0400" indexed="true"/>
<event operation="asset/preview" user="admin" sourcepath="users/admin/2014/05/CovanceLogo_4c.gif" catalogid="media/catalogs/public" assetid="1934" date="2014-05-02 16:58:00 -0400" indexed="true"/>
<event operation="asset/preview" user="admin" sourcepath="users/admin/2014/05/Union_logo_2c_354_k_p_1941.eps" catalogid="media/catalogs/public" assetid="1941" date="2014-05-02 17:26:57 -0400" indexed="true"/>
<event operation="asset/preview" user="admin" sourcepath="users/admin/2014/05/Union_logo_2c_354_k_p_1942.eps" catalogid="media/catalogs/public" assetid="1942" date="2014-05-03 00:54:10 -0400" indexed="true"/>
<event operation="asset/preview" user="admin" sourcepath="Pictures/Pictures/2005/done/done.mpeg" catalogid="media/catalogs/public" assetid="1703" date="2014-05-05 18:10:51 -0400" indexed="true"/>
<event operation="asset/preview" user="admin" sourcepath="Pictures/Pictures/2005/done/done.mpeg" catalogid="media/catalogs/public" assetid="1703" date="2014-05-05 18:13:57 -0400" indexed="true"/>
<event operation="asset/preview" user="admin" sourcepath="Pictures/Pictures/2006/2006_5_27/mvi_3811.avi" catalogid="media/catalogs/public" assetid="1088" date="2014-05-08 12:09:18 -0400" indexed="true"/>
<event operation="asset/preview" user="admin" sourcepath="Pictures/Pictures/2006/2006_5_27/img_3890.jpg" catalogid="media/catalogs/public" assetid="1032" date="2014-05-08 12:30:19 -0400" indexed="true"/>
<event operation="asset/preview" user="admin" sourcepath="Pictures/Pictures/2006/2006_5_29/mvi_4013.avi" catalogid="media/catalogs/public" assetid="1262" date="2014-05-08 12:39:08 -0400" indexed="true"/>
<event operation="asset/preview" user="admin" sourcepath="users/admin/2014/05/logo.png" catalogid="media/catalogs/public" assetid="1943" date="2014-05-08 16:49:15 -0400" indexed="true"/>
<event operation="asset/preview" user="admin" sourcepath="users/admin/2014/05/GOPR0164.MP4" catalogid="media/catalogs/public" assetid="1946" date="2014-05-08 17:15:40 -0400" indexed="true"/>
<event operation="asset/preview" user="admin" sourcepath="users/admin/2014/05/Carnival Corporation Sapphire Princess_2066.jpg" catalogid="media/catalogs/public" assetid="2066" date="2014-05-16 11:10:37 -0400" indexed="true"/>
<event operation="asset/preview" user="admin" sourcepath="users/admin/2014/05/IMG_4832_2063.JPG" catalogid="media/catalogs/public" assetid="2063" date="2014-05-16 11:40:29 -0400" indexed="true"/>
<event operation="asset/preview" user="admin" sourcepath="users/admin/2014/05/IMG_4832_2063.JPG" catalogid="media/catalogs/public" assetid="2063" date="2014-05-16 11:44:47 -0400" indexed="true"/>
<event operation="asset/preview" user="admin" sourcepath="users/admin/2014/05/IMG_4832_2063.JPG" catalogid="media/catalogs/public" assetid="2063" date="2014-05-16 11:47:30 -0400" indexed="true"/>
<event operation="asset/preview" user="admin" sourcepath="Pictures/Pictures/2006/2006_5_27/mvi_3811.avi" catalogid="media/catalogs/public" assetid="1088" date="2014-05-16 12:00:03 -0400" indexed="true"/>
<event operation="asset/preview" user="admin" sourcepath="Pictures/Pictures/2006/2006_5_27/mvi_3811.avi" catalogid="media/catalogs/public" assetid="1088" date="2014-05-16 12:04:45 -0400" indexed="true"/>
<event operation="asset/preview" user="admin" sourcepath="Pictures/Pictures/2006/2006_5_27/mvi_3811.avi" catalogid="media/catalogs/public" assetid="1088" date="2014-05-16 12:06:21 -0400" indexed="true"/>
<event operation="asset/preview" user="admin" sourcepath="users/admin/2013/12/hp_217986 copy_118.jpg" catalogid="media/catalogs/public" assetid="118" date="2014-05-16 12:06:28 -0400" indexed="true"/>
<event operation="asset/preview" user="admin" sourcepath="Pictures/Pictures/facebook/IMG_2481.jpg" catalogid="media/catalogs/public" assetid="1701" date="2014-05-16 12:07:59 -0400" indexed="true"/>
<event operation="asset/preview" user="admin" sourcepath="Pictures/Pictures/facebook/IMG_2481.jpg" catalogid="media/catalogs/public" assetid="1701" date="2014-05-16 12:18:07 -0400" indexed="true"/>
<event operation="asset/preview" user="admin" sourcepath="Pictures/Pictures/facebook/IMG_2481.jpg" catalogid="media/catalogs/public" assetid="1701" date="2014-05-16 12:18:16 -0400" indexed="true"/>
<event operation="asset/preview" user="admin" sourcepath="users/admin/2014/05/IMG_2481.jpg" catalogid="media/catalogs/public" assetid="2067" date="2014-05-16 12:36:15 -0400" indexed="true"/>
<event operation="asset/preview" user="admin" sourcepath="users/admin/2014/05/Carnival Corporation Sapphire Princess_2070.jpg" catalogid="media/catalogs/public" assetid="2070" date="2014-05-22 10:43:44 -0400" indexed="true"/>
<event operation="asset/preview" user="admin" sourcepath="users/admin/2014/05/Carnival Corporation Sapphire Princess_2071.jpg" catalogid="media/catalogs/public" assetid="2071" date="2014-05-22 10:48:51 -0400" indexed="true"/>
<event operation="asset/preview" user="admin" sourcepath="users/admin/2014/05/rainbow1.jpg" catalogid="media/catalogs/public" assetid="2072" date="2014-05-22 10:51:22 -0400" indexed="true"/>
<event operation="asset/preview" user="admin" sourcepath="Pictures/Pictures/2006/2006-07-22/IMG_4417.JPG" catalogid="media/catalogs/public" assetid="1374" date="2014-05-23 10:38:49 -0400" indexed="true"/>
<event operation="asset/preview" user="admin" sourcepath="users/admin/2014/05/IMG_4821_2061.JPG" catalogid="media/catalogs/public" assetid="2061" date="2014-05-23 10:46:19 -0400" indexed="true"/>
<event operation="asset/preview" user="admin" sourcepath="users/admin/2014/05/IMG_4833_2062.JPG" catalogid="media/catalogs/public" assetid="2062" date="2014-05-23 10:53:34 -0400" indexed="true"/>
<event operation="asset/preview" user="admin" sourcepath="Pictures/Pictures/2006/2006_5_27/img_3882.jpg" catalogid="media/catalogs/public" assetid="1045" date="2014-05-23 16:00:37 -0400" indexed="true"/>
<event operation="asset/preview" user="admin" sourcepath="Pictures/Pictures/2006/2006_5_27/img_3881.jpg" catalogid="media/catalogs/public" assetid="1052" date="2014-06-03 11:35:10 -0400" indexed="true"/>
<event operation="asset/preview" user="admin" sourcepath="users/admin/2014/04/glitter heart_x.jpg" catalogid="media/catalogs/public" assetid="1929" date="2014-06-03 11:35:28 -0400" indexed="true"/>
<event operation="asset/preview" user="admin" sourcepath="users/admin/2014/04/glitter heart_x.jpg" catalogid="media/catalogs/public" assetid="1929" date="2014-06-03 16:25:21 -0400" indexed="true"/>
<event operation="asset/preview" user="admin" sourcepath="users/admin/2014/06/IMG_4837.JPG" catalogid="media/catalogs/public" assetid="2075" date="2014-06-12 10:18:55 -0400" indexed="true"/>
<event operation="asset/preview" user="admin" sourcepath="users/admin/2014/06/IMG_4818.JPG" catalogid="media/catalogs/public" assetid="2136" date="2014-06-12 13:24:40 -0400" indexed="true"/>
<event operation="asset/preview" sourcepath="users/admin/2014/06/IMG_4818.JPG" catalogid="media/catalogs/public" assetid="2136" date="2014-06-19 10:48:48 -0400" indexed="true"/>
<event operation="asset/preview" sourcepath="users/admin/2014/06/IMG_4818.JPG" catalogid="media/catalogs/public" assetid="2136" date="2014-06-19 10:49:15 -0400" indexed="true"/>
<event operation="asset/preview" sourcepath="users/admin/2014/06/IMG_4818.JPG" catalogid="media/catalogs/public" assetid="2136" date="2014-06-19 10:49:38 -0400" indexed="true"/>
<event operation="asset/preview" user="admin" sourcepath="users/admin/2013/11/glitter heart.jpg" catalogid="media/catalogs/public" assetid="103" date="2014-06-19 15:08:07 -0400" indexed="true"/>
<event operation="asset/preview" user="admin" sourcepath="users/admin/2013/11/Longboard_DEX.jpg" catalogid="media/catalogs/public" assetid="107" date="2014-06-19 16:45:56 -0400" indexed="true"/>
<event operation="asset/preview" user="admin" sourcepath="Pictures/Pictures/2006/2006_5_29/mvi_3999.avi" catalogid="media/catalogs/public" assetid="1238" date="2014-06-23 11:54:45 -0400" indexed="false"/>
<event operation="asset/preview" user="admin" sourcepath="Pictures/Pictures/2006/2006_5_27/mvi_3811.avi" catalogid="media/catalogs/public" assetid="1088" date="2014-06-23 11:56:22 -0400" indexed="false"/>
<event operation="asset/preview" user="admin" sourcepath="Pictures/Pictures/2006/2006_5_29/mvi_4013.avi" catalogid="media/catalogs/public" assetid="1262" date="2014-07-01 21:42:31 -0400" indexed="false"/>
