<event operation="asset/edit" user="admin" id="105" details="assetid:  -&gt; 105, previewstatus: generated -&gt; " sourcepath="users/admin/2013/11/teresa.jpeg" catalogid="media/catalogs/public" date="2013-11-21 15:16:06 -0500" indexed="false"/>
<event operation="asset/edit" user="admin" id="113" details="assetid:  -&gt; 113, previewstatus: Conversions Completed -&gt; Error" sourcepath="users/admin/2013/11/SurfferGirl.jpg" catalogid="media/catalogs/public" date="2013-11-21 15:40:20 -0500" indexed="false"/>
<event operation="asset/edit" user="admin" id="105" details="assetaddeddate: 2013-11-19 21:27:08 -0500 -&gt; 11/20/2013" sourcepath="users/admin/2013/11/teresa.jpeg" catalogid="media/catalogs/public" date="2013-12-31 13:19:11 -0500" indexed="false"/>
<event operation="asset/edit" user="admin" id="105" details="assetaddeddate: 11/20/2013 -&gt; 12/27/2013" sourcepath="users/admin/2013/11/teresa.jpeg" catalogid="media/catalogs/public" date="2013-12-31 13:25:03 -0500" indexed="false"/>
<event operation="asset/edit" user="admin" id="101" details="test:  -&gt; test" sourcepath="users/admin/2013/11/server-rack-cabinet-md.png" catalogid="media/catalogs/public" date="2014-01-23 11:46:03 -0500" indexed="false"/>
<event operation="asset/edit" user="admin" id="105" details="name: teresa.jpeg -&gt; test" sourcepath="users/admin/2013/11/teresa.jpeg" catalogid="media/catalogs/public" date="2014-01-23 11:46:09 -0500" indexed="false"/>
<event operation="asset/edit" user="admin" details="comment:  -&gt; adsadsad, assetid:  -&gt; 121, assetid:  -&gt; 121" catalogid="media/catalogs/public" date="2014-03-03 14:20:02 -0500" indexed="false"/>
<event operation="asset/edit" user="admin" details="comment:  -&gt; adsadsad, assetid:  -&gt; 121, assetid:  -&gt; 121" catalogid="media/catalogs/public" date="2014-03-03 14:25:21 -0500" indexed="false"/>
<event operation="asset/edit" user="admin" details="comment:  -&gt; adsadsad, assetid:  -&gt; 121, assetid:  -&gt; 121" catalogid="media/catalogs/public" date="2014-03-03 14:25:25 -0500" indexed="false"/>
<event operation="asset/edit" user="admin" id="116" details="assetid:  -&gt; 116, editstatus: Pending Approval -&gt; Deleted, assetaddeddate: 2013-11-27 11:57:41 -0500 -&gt; 11/27/2013" sourcepath="users/admin/2013/11/house_clip_art_116.jpg" catalogid="media/catalogs/public" date="2014-03-07 14:38:56 -0500" indexed="false"/>
<event operation="asset/edit" user="admin" id="102" details="assetid:  -&gt; 102, editstatus: Pending Approval -&gt; Deleted, assetaddeddate: 2013-11-18 23:59:49 -0500 -&gt; 11/18/2013" sourcepath="users/admin/2013/11/house_clip_art.jpg" catalogid="media/catalogs/public" date="2014-03-07 14:47:31 -0500" indexed="false"/>
<event operation="asset/edit" user="admin" id="116" details="editstatus: Pending Approval -&gt; Deleted" sourcepath="users/admin/2013/11/house_clip_art_116.jpg" catalogid="media/catalogs/public" date="2014-03-07 14:47:43 -0500" indexed="false"/>
<event operation="asset/edit" user="admin" id="112" details="assetid:  -&gt; 112, assetaddeddate: 2013-11-21 10:00:27 -0500 -&gt; 11/21/2013, otherversion:  -&gt; 121" sourcepath="users/admin/2013/11/baseball-beach_112.m2t" catalogid="media/catalogs/public" date="2014-03-12 12:19:01 -0400" indexed="false"/>
<event operation="asset/edit" user="admin" id="104" details="assetid:  -&gt; 104, assetaddeddate: 2013-11-19 10:53:04 -0500 -&gt; 11/19/2013, relatedversion:  -&gt; 117, otherversion:  -&gt; 112" sourcepath="users/admin/2013/11/baseball-beach.m2t" catalogid="media/catalogs/public" date="2014-03-25 13:20:19 -0400" indexed="false"/>
<event operation="asset/edit" user="admin" id="111" details="assetid:  -&gt; 111, assetaddeddate: 2013-11-21 09:56:24 -0500 -&gt; 11/21/2013, relatedversion:  -&gt; 112" sourcepath="users/admin/2013/11/baseball-beach_111.m2t" catalogid="media/catalogs/public" date="2014-03-25 15:55:10 -0400" indexed="false"/>
<event operation="asset/edit" user="admin" id="1703" details="assetid:  -&gt; 1703, libraries: Pictures Top -&gt; Ford Online Media" sourcepath="Pictures/Pictures/2005/done/done.mpeg" catalogid="media/catalogs/public" date="2014-04-16 14:49:04 -0400" indexed="false"/>
<event operation="asset/edit" user="admin" id="1703" details="libraryfolder:  -&gt; Ford Online Media" sourcepath="Pictures/Pictures/2005/done/done.mpeg" catalogid="media/catalogs/public" date="2014-04-16 14:49:24 -0400" indexed="false"/>
<event operation="asset/edit" user="admin" id="1703" details="library:  -&gt; Ford Online Media" sourcepath="Pictures/Pictures/2005/done/done.mpeg" catalogid="media/catalogs/public" date="2014-04-16 14:58:13 -0400" indexed="false"/>
<event operation="asset/edit" user="admin" id="1045" details="assetid:  -&gt; 1045, pushstatus: Upload Error -&gt; Resend" sourcepath="Pictures/Pictures/2006/2006_5_27/img_3882.jpg" catalogid="media/catalogs/public" date="2014-04-23 09:23:36 -0400" indexed="false"/>
<event operation="asset/edit" user="admin" id="1088" details="assetid:  -&gt; 1088, assettitle:  -&gt; dddddd" sourcepath="Pictures/Pictures/2006/2006_5_27/mvi_3811.avi" catalogid="media/catalogs/public" date="2014-05-08 12:09:32 -0400" indexed="false"/>
<event operation="asset/edit" user="admin" id="1032" details="assetid:  -&gt; 1032" sourcepath="Pictures/Pictures/2006/2006_5_27/img_3890.jpg" catalogid="media/catalogs/public" date="2014-05-08 12:31:05 -0400" indexed="false"/>
<event operation="asset/edit" user="admin" id="1262" details="assetid:  -&gt; 1262" sourcepath="Pictures/Pictures/2006/2006_5_29/mvi_4013.avi" catalogid="media/catalogs/public" date="2014-05-08 12:39:15 -0400" indexed="false"/>
<event operation="asset/edit" user="admin" id="1225" details="assetid:  -&gt; 1225" sourcepath="Pictures/Pictures/2006/2006_5_29/img_3989.jpg" catalogid="media/catalogs/public" date="2014-05-08 12:45:37 -0400" indexed="false"/>
<event operation="asset/edit" user="admin" id="2063" details="imageorientation: 0 Degrees -&gt; 270 Degrees" sourcepath="users/admin/2014/05/IMG_4832_2063.JPG" catalogid="media/catalogs/public" date="2014-05-16 11:45:00 -0400" indexed="false"/>
<event operation="asset/edit" user="admin" id="2063" details="imageorientation: 270 Degrees -&gt; 180 Degrees" sourcepath="users/admin/2014/05/IMG_4832_2063.JPG" catalogid="media/catalogs/public" date="2014-05-16 11:46:54 -0400" indexed="false"/>
<event operation="asset/edit" user="admin" id="1701" details="imageorientation: 0 Degrees -&gt; 180 Degrees" sourcepath="Pictures/Pictures/facebook/IMG_2481.jpg" catalogid="media/catalogs/public" date="2014-05-16 12:10:23 -0400" indexed="false"/>
<event operation="asset/edit" user="admin" id="1701" details="imageorientation: 180 Degrees -&gt; 90 Degrees" sourcepath="Pictures/Pictures/facebook/IMG_2481.jpg" catalogid="media/catalogs/public" date="2014-05-16 12:13:51 -0400" indexed="false"/>
<event operation="asset/edit" user="admin" id="1701" details="imageorientation: 90 Degrees -&gt; 180 Degrees" sourcepath="Pictures/Pictures/facebook/IMG_2481.jpg" catalogid="media/catalogs/public" date="2014-05-16 12:17:50 -0400" indexed="false"/>
<event operation="asset/edit" user="admin" id="1701" details="imageorientation: 180 Degrees -&gt; 270 Degrees" sourcepath="Pictures/Pictures/facebook/IMG_2481.jpg" catalogid="media/catalogs/public" date="2014-05-16 12:26:31 -0400" indexed="false"/>
<event operation="asset/edit" user="admin" id="1701" details="imageorientation: 270 Degrees -&gt; 180 Degrees" sourcepath="Pictures/Pictures/facebook/IMG_2481.jpg" catalogid="media/catalogs/public" date="2014-05-16 12:27:49 -0400" indexed="false"/>
<event operation="asset/edit" user="admin" id="1701" details="imageorientation: 180 Degrees -&gt; 270 Degrees" sourcepath="Pictures/Pictures/facebook/IMG_2481.jpg" catalogid="media/catalogs/public" date="2014-05-16 12:33:14 -0400" indexed="false"/>
<event operation="asset/edit" user="admin" id="2067" details="imageorientation: 270 Degrees -&gt; 0 Degrees" sourcepath="users/admin/2014/05/IMG_2481.jpg" catalogid="media/catalogs/public" date="2014-05-16 12:36:33 -0400" indexed="false"/>
<event operation="asset/edit" user="admin" id="1374" details="assetid:  -&gt; 1374, pushstatus: Push Complete -&gt; Resend, pusheddate: 2014-04-23 09:25:07 -0400 -&gt; 04/23/2014" sourcepath="Pictures/Pictures/2006/2006-07-22/IMG_4417.JPG" catalogid="media/catalogs/public" date="2014-05-23 10:39:04 -0400" indexed="false"/>
<event operation="asset/edit" user="admin" id="2061" details="assetid:  -&gt; 2061, pushstatus: Push Complete -&gt; Resend" sourcepath="users/admin/2014/05/IMG_4821_2061.JPG" catalogid="media/catalogs/public" date="2014-05-23 10:46:33 -0400" indexed="false"/>
<event operation="asset/edit" user="admin" id="2062" details="assetid:  -&gt; 2062, pushstatus: Push Complete -&gt; Resend" sourcepath="users/admin/2014/05/IMG_4833_2062.JPG" catalogid="media/catalogs/public" date="2014-05-23 10:53:41 -0400" indexed="false"/>
<event operation="asset/edit" user="admin" details="copyrightnotice:  -&gt; XXXXYYX" catalogid="media/catalogs/public" date="2014-06-03 11:36:32 -0400" indexed="false"/>
<event operation="asset/edit" user="admin" id="1929" details="copyrightnotice:  -&gt; XXXXYYX" sourcepath="users/admin/2014/04/glitter heart_x.jpg" catalogid="media/catalogs/public" date="2014-06-03 11:37:07 -0400" indexed="false"/>
<event operation="asset/edit" user="admin" id="1929" details="copyrightnotice: XXXXYYX -&gt; XXXXYYX2" sourcepath="users/admin/2014/04/glitter heart_x.jpg" catalogid="media/catalogs/public" date="2014-06-03 11:39:52 -0400" indexed="false"/>
