<event operation="authentication" user="admin" details="logout" catalogid="system" date="2013-11-20 18:59:01 -0500" indexed="false"/>
<event operation="authentication" user="admin" details="login" catalogid="system" date="2013-11-20 18:59:11 -0500" indexed="false"/>
<event operation="authentication" user="admin" details="logout" catalogid="system" date="2013-11-20 18:59:41 -0500" indexed="false"/>
<event operation="authentication" user="testuser" details="login" catalogid="system" date="2013-11-20 18:59:47 -0500" indexed="false"/>
<event operation="authentication" user="testuser" details="logout" catalogid="system" date="2013-11-20 19:00:00 -0500" indexed="false"/>
<event operation="authentication" user="admin" details="login" catalogid="system" date="2013-11-20 19:00:04 -0500" indexed="false"/>
<event operation="authentication" user="admin" details="logout" catalogid="system" date="2013-12-02 20:36:44 -0500" indexed="false"/>
<event operation="authentication" user="testuser" details="login" catalogid="system" date="2013-12-02 20:36:46 -0500" indexed="false"/>
<event operation="authentication" user="admin" details="login" catalogid="system" date="2013-12-19 14:27:43 -0500" indexed="false"/>
<event operation="authentication" user="admin" details="logout" catalogid="system" date="2014-01-03 13:40:58 -0500" indexed="false"/>
<event operation="authentication" user="admin" details="login" catalogid="system" date="2014-01-03 13:41:03 -0500" indexed="false"/>
<event operation="authentication" user="admin" details="logout" catalogid="system" date="2014-01-03 13:41:30 -0500" indexed="false"/>
<event operation="authentication" user="admin" details="login" catalogid="system" date="2014-01-03 13:41:41 -0500" indexed="false"/>
<event operation="authentication" user="435" details="add" catalogid="system" date="2014-01-03 14:29:24 -0500" indexed="false"/>
<event operation="authentication" user="admin" details="logout" catalogid="system" date="2014-01-09 14:28:44 -0500" indexed="false"/>
<event operation="authentication" user="admin" details="login" catalogid="system" date="2014-01-09 14:28:49 -0500" indexed="false"/>
<event operation="authentication" user="admin" details="logout" catalogid="system" date="2014-01-09 14:29:43 -0500" indexed="false"/>
<event operation="authentication" user="admin" details="login" catalogid="system" date="2014-01-09 14:29:46 -0500" indexed="false"/>
<event operation="authentication" user="admin" details="login" catalogid="system" date="2014-01-16 11:08:56 -0500" indexed="false"/>
<event operation="authentication" user="admin" details="logout" catalogid="system" date="2014-01-16 15:16:14 -0500" indexed="false"/>
<event operation="authentication" user="admin" details="login" catalogid="system" date="2014-01-17 14:06:29 -0500" indexed="false"/>
<event operation="authentication" user="admin" details="login" catalogid="system" date="2014-01-17 14:10:08 -0500" indexed="false"/>
<event operation="authentication" user="admin" details="login" catalogid="system" date="2014-01-17 14:12:14 -0500" indexed="false"/>
<event operation="authentication" user="admin" details="login" catalogid="system" date="2014-01-17 14:24:03 -0500" indexed="false"/>
<event operation="authentication" user="admin" details="login" catalogid="system" date="2014-01-17 15:26:36 -0500" indexed="false"/>
<event operation="authentication" user="admin" details="logout" catalogid="system" date="2014-01-17 15:27:26 -0500" indexed="false"/>
<event operation="authentication" user="admin" details="login" catalogid="system" date="2014-01-23 11:40:10 -0500" indexed="false"/>
<event operation="authentication" user="admin" details="login" catalogid="system" date="2014-01-23 11:46:03 -0500" indexed="false"/>
<event operation="authentication" user="admin" details="login" catalogid="system" date="2014-01-23 11:46:03 -0500" indexed="false"/>
<event operation="authentication" user="admin" details="login" catalogid="system" date="2014-01-23 11:46:03 -0500" indexed="false"/>
<event operation="authentication" user="admin" details="login" catalogid="system" date="2014-01-23 11:46:04 -0500" indexed="false"/>
<event operation="authentication" user="admin" details="login" catalogid="system" date="2014-01-23 11:46:04 -0500" indexed="false"/>
<event operation="authentication" user="admin" details="login" catalogid="system" date="2014-01-23 11:46:05 -0500" indexed="false"/>
<event operation="authentication" user="admin" details="login" catalogid="system" date="2014-01-23 11:46:05 -0500" indexed="false"/>
<event operation="authentication" user="admin" details="login" catalogid="system" date="2014-01-23 11:46:05 -0500" indexed="false"/>
<event operation="authentication" user="admin" details="login" catalogid="system" date="2014-01-23 11:46:08 -0500" indexed="false"/>
<event operation="authentication" user="admin" details="login" catalogid="system" date="2014-01-23 11:46:08 -0500" indexed="false"/>
<event operation="authentication" user="admin" details="login" catalogid="system" date="2014-01-23 11:46:08 -0500" indexed="false"/>
<event operation="authentication" user="admin" details="login" catalogid="system" date="2014-01-23 11:46:08 -0500" indexed="false"/>
<event operation="authentication" user="admin" details="login" catalogid="system" date="2014-01-23 11:46:09 -0500" indexed="false"/>
<event operation="authentication" user="admin" details="login" catalogid="system" date="2014-01-23 11:46:13 -0500" indexed="false"/>
<event operation="authentication" user="admin" details="login" catalogid="system" date="2014-01-23 11:46:14 -0500" indexed="false"/>
<event operation="authentication" user="admin" details="login" catalogid="system" date="2014-01-23 11:46:14 -0500" indexed="false"/>
<event operation="authentication" user="admin" details="login" catalogid="system" date="2014-01-23 11:46:15 -0500" indexed="false"/>
<event operation="authentication" user="admin" details="login" catalogid="system" date="2014-01-23 11:46:15 -0500" indexed="false"/>
<event operation="authentication" user="admin" details="login" catalogid="system" date="2014-01-23 11:46:15 -0500" indexed="false"/>
<event operation="authentication" user="admin" details="logout" catalogid="system" date="2014-01-23 12:03:46 -0500" indexed="false"/>
<event operation="authentication" user="admin" details="login" catalogid="system" date="2014-01-23 12:03:48 -0500" indexed="false"/>
<event operation="authentication" user="admin" details="logout" catalogid="system" date="2014-01-28 15:02:50 -0500" indexed="false"/>
<event operation="authentication" user="admin" details="login" catalogid="system" date="2014-02-17 11:56:43 -0500" indexed="false"/>
<event operation="authentication" user="admin" details="login" catalogid="system" date="2014-02-18 15:21:10 -0500" indexed="false"/>
<event operation="authentication" user="admin" details="login" catalogid="system" date="2014-02-18 15:31:36 -0500" indexed="false"/>
<event operation="authentication" user="admin" details="login" catalogid="system" date="2014-02-18 15:39:37 -0500" indexed="false"/>
<event operation="authentication" user="admin" details="login" catalogid="system" date="2014-02-18 15:41:10 -0500" indexed="false"/>
<event operation="authentication" user="admin" details="login" catalogid="system" date="2014-02-18 15:49:10 -0500" indexed="false"/>
<event operation="authentication" user="admin" details="login" catalogid="system" date="2014-02-18 15:50:35 -0500" indexed="false"/>
<event operation="authentication" user="admin" details="login" catalogid="system" date="2014-02-18 15:58:09 -0500" indexed="false"/>
<event operation="authentication" user="admin" details="login" catalogid="system" date="2014-02-18 15:58:14 -0500" indexed="false"/>
<event operation="authentication" user="435" details="delete" catalogid="system" date="2014-02-21 12:28:25 -0500" indexed="false"/>
<event operation="authentication" user="admin" details="login" catalogid="system" date="2014-03-25 11:33:22 -0400" indexed="false"/>
<event operation="authentication" user="admin" details="login" catalogid="system" date="2014-03-25 11:48:42 -0400" indexed="false"/>
<event operation="authentication" user="test577215" details="add" catalogid="system" date="2014-03-25 11:49:41 -0400" indexed="false"/>
<event operation="authentication" user="admin" details="login" catalogid="system" date="2014-04-23 09:24:52 -0400" indexed="false"/>
<event operation="authentication" user="admin" details="login" catalogid="system" date="2014-04-23 09:24:58 -0400" indexed="false"/>
<event operation="authentication" user="admin" details="login" catalogid="system" date="2014-04-23 09:25:03 -0400" indexed="false"/>
<event operation="authentication" user="admin" details="login" catalogid="system" date="2014-04-23 09:25:05 -0400" indexed="false"/>
<event operation="authentication" user="admin" details="login" catalogid="system" date="2014-04-23 09:25:08 -0400" indexed="false"/>
<event operation="authentication" user="admin" details="login" catalogid="system" date="2014-04-23 09:25:13 -0400" indexed="false"/>
<event operation="authentication" user="admin" details="login" catalogid="system" date="2014-04-23 09:25:18 -0400" indexed="false"/>
<event operation="authentication" user="admin" details="login" catalogid="system" date="2014-04-23 10:00:03 -0400" indexed="false"/>
<event operation="authentication" user="admin" details="login" catalogid="system" date="2014-04-23 10:00:09 -0400" indexed="false"/>
<event operation="authentication" user="admin" details="login" catalogid="system" date="2014-04-23 10:00:14 -0400" indexed="false"/>
<event operation="authentication" user="admin" details="login" catalogid="system" date="2014-04-23 10:00:19 -0400" indexed="false"/>
<event operation="authentication" user="admin" details="login" catalogid="system" date="2014-04-23 10:00:24 -0400" indexed="false"/>
<event operation="authentication" user="admin" details="login" catalogid="system" date="2014-04-23 10:01:33 -0400" indexed="false"/>
<event operation="authentication" user="admin" details="login" catalogid="system" date="2014-04-23 10:01:54 -0400" indexed="false"/>
<event operation="authentication" user="admin" details="login" catalogid="system" date="2014-04-23 10:01:59 -0400" indexed="false"/>
<event operation="authentication" user="admin" details="login" catalogid="system" date="2014-04-23 10:02:04 -0400" indexed="false"/>
<event operation="authentication" user="admin" details="login" catalogid="system" date="2014-04-23 10:02:09 -0400" indexed="false"/>
<event operation="authentication" user="admin" details="login" catalogid="system" date="2014-04-23 10:02:15 -0400" indexed="false"/>
<event operation="authentication" user="admin" details="login" catalogid="system" date="2014-04-23 10:02:20 -0400" indexed="false"/>
<event operation="authentication" user="admin" details="login" catalogid="system" date="2014-04-23 10:04:29 -0400" indexed="false"/>
<event operation="authentication" user="admin" details="login" catalogid="system" date="2014-04-23 10:04:35 -0400" indexed="false"/>
<event operation="authentication" user="admin" details="login" catalogid="system" date="2014-04-23 10:04:40 -0400" indexed="false"/>
<event operation="authentication" user="admin" details="login" catalogid="system" date="2014-04-23 10:04:45 -0400" indexed="false"/>
<event operation="authentication" user="admin" details="login" catalogid="system" date="2014-04-23 10:04:50 -0400" indexed="false"/>
<event operation="authentication" user="admin" details="login" catalogid="system" date="2014-04-23 10:04:55 -0400" indexed="false"/>
<event operation="authentication" user="admin" details="login" catalogid="system" date="2014-04-23 10:05:00 -0400" indexed="false"/>
<event operation="authentication" user="admin" details="login" catalogid="system" date="2014-04-23 10:08:54 -0400" indexed="false"/>
<event operation="authentication" user="admin" details="login" catalogid="system" date="2014-04-23 10:08:59 -0400" indexed="false"/>
<event operation="authentication" user="admin" details="login" catalogid="system" date="2014-04-23 10:09:10 -0400" indexed="false"/>
<event operation="authentication" user="admin" details="login" catalogid="system" date="2014-04-23 10:09:25 -0400" indexed="false"/>
<event operation="authentication" user="admin" details="login" catalogid="system" date="2014-04-23 10:09:30 -0400" indexed="false"/>
<event operation="authentication" user="admin" details="login" catalogid="system" date="2014-04-23 10:09:35 -0400" indexed="false"/>
<event operation="authentication" user="admin" details="login" catalogid="system" date="2014-04-23 10:09:40 -0400" indexed="false"/>
<event operation="authentication" user="admin" details="login" catalogid="system" date="2014-04-23 11:42:08 -0400" indexed="false"/>
<event operation="authentication" user="admin" details="login" catalogid="system" date="2014-04-23 11:42:14 -0400" indexed="false"/>
<event operation="authentication" user="admin" details="login" catalogid="system" date="2014-04-23 11:42:19 -0400" indexed="false"/>
<event operation="authentication" user="admin" details="login" catalogid="system" date="2014-04-23 11:42:24 -0400" indexed="false"/>
<event operation="authentication" user="admin" details="login" catalogid="system" date="2014-04-23 11:42:29 -0400" indexed="false"/>
<event operation="authentication" user="admin" details="login" catalogid="system" date="2014-04-23 11:42:34 -0400" indexed="false"/>
<event operation="authentication" user="admin" details="login" catalogid="system" date="2014-04-23 11:42:39 -0400" indexed="false"/>
<event operation="authentication" user="admin" details="login" catalogid="system" date="2014-04-23 11:58:11 -0400" indexed="false"/>
<event operation="authentication" user="admin" details="login" catalogid="system" date="2014-04-23 11:58:16 -0400" indexed="false"/>
<event operation="authentication" user="admin" details="login" catalogid="system" date="2014-04-23 11:58:21 -0400" indexed="false"/>
<event operation="authentication" user="admin" details="login" catalogid="system" date="2014-04-23 11:58:26 -0400" indexed="false"/>
<event operation="authentication" user="admin" details="login" catalogid="system" date="2014-04-23 11:58:31 -0400" indexed="false"/>
<event operation="authentication" user="admin" details="login" catalogid="system" date="2014-04-23 11:58:36 -0400" indexed="false"/>
<event operation="authentication" user="admin" details="login" catalogid="system" date="2014-04-23 11:58:41 -0400" indexed="false"/>
<event operation="authentication" user="admin" details="login" catalogid="system" date="2014-06-19 10:49:30 -0400" indexed="false"/>
<event operation="authentication" user="admin" details="logout" catalogid="system" date="2014-06-19 10:49:32 -0400" indexed="false"/>
<event operation="authentication" user="admin" details="login" catalogid="system" date="2014-06-19 10:50:49 -0400" indexed="false"/>
<event operation="authentication" user="admin" details="logout" catalogid="system" date="2014-06-19 10:50:55 -0400" indexed="false"/>
<event operation="authentication" user="admin" details="logout" catalogid="system" date="2014-07-21 12:03:10 -0400" indexed="false"/>
<event operation="authentication" user="admin" details="login" catalogid="system" date="2014-07-21 12:03:15 -0400" indexed="false"/>
<event operation="authentication" user="admin" details="login" catalogid="system" date="2014-07-21 12:05:03 -0400" indexed="false"/>
<event operation="authentication" user="admin" details="logout" catalogid="system" date="2014-07-21 12:07:34 -0400" indexed="false"/>
<event operation="authentication" user="admin" details="login" catalogid="system" date="2014-07-21 12:07:36 -0400" indexed="false"/>
